0 info it worked if it ends with ok
1 verbose cli [ 'C:\\Program Files\\nodejs\\node.exe',
1 verbose cli   'C:\\Program Files\\nodejs\\node_modules\\npm\\bin\\npm-cli.js',
1 verbose cli   'start' ]
2 info using npm@3.10.9
3 info using node@v7.2.0
4 verbose run-script [ 'prestart', 'start', 'poststart' ]
5 info lifecycle schoolsystemapp@1.0.0~prestart: schoolsystemapp@1.0.0
6 silly lifecycle schoolsystemapp@1.0.0~prestart: no script for prestart, continuing
7 info lifecycle schoolsystemapp@1.0.0~start: schoolsystemapp@1.0.0
8 verbose lifecycle schoolsystemapp@1.0.0~start: unsafe-perm in lifecycle true
9 verbose lifecycle schoolsystemapp@1.0.0~start: PATH: C:\Program Files\nodejs\node_modules\npm\bin\node-gyp-bin;E:\SchoolSystem\SchoolSystemApp\node_modules\.bin;c:\Program Files (x86)\Intel\iCLS Client\;c:\Program Files\Intel\iCLS Client\;C:\Program Files (x86)\AMD APP\bin\x86_64;C:\Program Files (x86)\AMD APP\bin\x86;C:\WINDOWS\system32;C:\WINDOWS;C:\WINDOWS\System32\Wbem;C:\WINDOWS\System32\WindowsPowerShell\v1.0\;C:\Program Files\Intel\Intel(R) Management Engine Components\DAL;C:\Program Files\Intel\Intel(R) Management Engine Components\IPT;C:\Program Files (x86)\Intel\Intel(R) Management Engine Components\DAL;C:\Program Files (x86)\Intel\Intel(R) Management Engine Components\IPT;C:\Program Files\nodejs\;C:\Program Files (x86)\Common Files\lenovo\easyplussdk\bin;C:\xampp\php;C:\Program Files\MongoDB\Server\3.2\bin;C:\ProgramData\ComposerSetup\bin;C:\Program Files\Git\cmd;C:\WINDOWS\System32\OpenSSH\;C:\python\Scripts\;C:\python\;C:\Users\mahmoudafifi\AppData\Roaming\npm;C:\Users\mahmoudafifi\AppData\Roaming\Composer\vendor\bin;C:\Users\mahmoudafifi\AppData\Local\Microsoft\WindowsApps;C:\xampp\php;
10 verbose lifecycle schoolsystemapp@1.0.0~start: CWD: E:\SchoolSystem\SchoolSystemApp
11 silly lifecycle schoolsystemapp@1.0.0~start: Args: [ '/d /s /c', 'npm run build' ]
12 silly lifecycle schoolsystemapp@1.0.0~start: Returned: code: 3221225786  signal: null
13 info lifecycle schoolsystemapp@1.0.0~start: Failed to exec start script
14 verbose stack Error: schoolsystemapp@1.0.0 start: `npm run build`
14 verbose stack Exit status 3221225786
14 verbose stack     at EventEmitter.<anonymous> (C:\Program Files\nodejs\node_modules\npm\lib\utils\lifecycle.js:255:16)
14 verbose stack     at emitTwo (events.js:106:13)
14 verbose stack     at EventEmitter.emit (events.js:191:7)
14 verbose stack     at ChildProcess.<anonymous> (C:\Program Files\nodejs\node_modules\npm\lib\utils\spawn.js:40:14)
14 verbose stack     at emitTwo (events.js:106:13)
14 verbose stack     at ChildProcess.emit (events.js:191:7)
14 verbose stack     at maybeClose (internal/child_process.js:885:16)
14 verbose stack     at Process.ChildProcess._handle.onexit (internal/child_process.js:226:5)
15 verbose pkgid schoolsystemapp@1.0.0
16 verbose cwd E:\SchoolSystem\SchoolSystemApp
17 error Windows_NT 10.0.17134
18 error argv "C:\\Program Files\\nodejs\\node.exe" "C:\\Program Files\\nodejs\\node_modules\\npm\\bin\\npm-cli.js" "start"
19 error node v7.2.0
20 error npm  v3.10.9
21 error code ELIFECYCLE
22 error schoolsystemapp@1.0.0 start: `npm run build`
22 error Exit status 3221225786
23 error Failed at the schoolsystemapp@1.0.0 start script 'npm run build'.
23 error Make sure you have the latest version of node.js and npm installed.
23 error If you do, this is most likely a problem with the schoolsystemapp package,
23 error not with npm itself.
23 error Tell the author that this fails on your system:
23 error     npm run build
23 error You can get information on how to open an issue for this project with:
23 error     npm bugs schoolsystemapp
23 error Or if that isn't available, you can get their info via:
23 error     npm owner ls schoolsystemapp
23 error There is likely additional logging output above.
24 verbose exit [ 1, true ]
